#
# A fatal error has been detected by the Java Runtime Environment:
#
#  SIGSEGV (0xb) at pc=0x000000012344858d, pid=21637, tid=2571
#
# JRE version: Java(TM) SE Runtime Environment (8.0_45-b14) (build 1.8.0_45-b14)
# Java VM: Java HotSpot(TM) 64-Bit Server VM (25.45-b02 mixed mode bsd-amd64 compressed oops)
# Problematic frame:
# C  [libglass.dylib+0x1558d]  GlassScreenDidChangeScreenParameters+0x9d
#
# Failed to write core dump. Core dumps have been disabled. To enable core dumping, try "ulimit -c unlimited" before starting Java again
#
# If you would like to submit a bug report, please visit:
#   http://bugreport.java.com/bugreport/crash.jsp
#

---------------  T H R E A D  ---------------

Current thread is native thread

siginfo: si_signo: 11 (SIGSEGV), si_code: 1 (SEGV_MAPERR), si_addr: 0x0000000000000000

Registers:
RAX=0x000000012347abc0, RBX=0x0000000000000000, RCX=0x0000000000000103, RDX=0x00007fabf337e290
RSP=0x00007fff56128bc0, RBP=0x00007fff56128bd0, RSI=0x00007fabf0d13100, RDI=0x0000000000000000
R8 =0x0000000000000040, R9 =0x00007fff72f7b1e0, R10=0xffffffffffffffff, R11=0x0000000000000246
R12=0x00007fabf338e1e0, R13=0x00007fabf0e5ecd0, R14=0x00007fabf0e5ed90, R15=0x0000000000000000
RIP=0x000000012344858d, EFLAGS=0x0000000000010206, ERR=0x0000000000000004
  TRAPNO=0x000000000000000e

Top of Stack: (sp=0x00007fff56128bc0)
0x00007fff56128bc0:   00007fff56128c18 00007fabf0e5ed90
0x00007fff56128bd0:   00007fff56128be0 00007fff8fdc4c9c
0x00007fff56128be0:   00007fff56128c00 00007fff8fdc4c2f
0x00007fff56128bf0:   0000000000000000 0000000000000000
0x00007fff56128c00:   00007fff56128c70 00007fff8fdc4ba7
0x00007fff56128c10:   00007fff717be110 00007fff70a300a0
0x00007fff56128c20:   0000000042000000 00007fff8fdc4bf0
0x00007fff56128c30:   00007fff731e26f0 00007fabf0e5ecd0
0x00007fff56128c40:   00007fabf338e1e0 00007fff56129418
0x00007fff56128c50:   00007fff7330f6d0 00007fff56129418
0x00007fff56128c60:   00007fabf0e5ecd0 00007fff90183a02
0x00007fff56128c70:   00007fff56128cb0 00007fff8fdc4912
0x00007fff56128c80:   00007fff56129290 0000000000000000
0x00007fff56128c90:   00007fff7330f6d0 00007fff56129418
0x00007fff56128ca0:   00007fff92bd1d40 00007fff90183a02
0x00007fff56128cb0:   00007fff561293c0 00007fff8fd816d2
0x00007fff56128cc0:   00007fff56128d10 00007fff8db83378
0x00007fff56128cd0:   00007fabfad82100 00007fabf0f08b60
0x00007fff56128ce0:   00007fabf1009048 00007fabf0e400b0
0x00007fff56128cf0:   0000000000000000 00007fabf0e5edf0
0x00007fff56128d00:   0000000000000000 0000000000000000
0x00007fff56128d10:   00007fff7321fb50 00007fff56129290
0x00007fff56128d20:   0000000000000001 0000000000000100
0x00007fff56128d30:   0000000000000b00 00007fff56129190
0x00007fff56128d40:   0000000000000000 0000000000000100
0x00007fff56128d50:   00007fff56128d00 00007fff7330f6d0
0x00007fff56128d60:   0000000000000000 00007fff731e3490
0x00007fff56128d70:   00007fff7330f6d0 0000000000000000
0x00007fff56128d80:   00007fff731e3490 00007fabf33aea30
0x00007fff56128d90:   00007fabfad82100 0000000000000002
0x00007fff56128da0:   0000000000000000 00007fff92bd1d40
0x00007fff56128db0:   00007fff56128f70 00007fff89481100 

Instructions: (pc=0x000000012344858d)
0x000000012344856d:   89 df 4c 89 f1 41 ff 90 68 04 00 00 48 8d 05 48
0x000000012344857d:   25 03 00 48 8b 30 48 8d 05 36 26 03 00 48 8b 10
0x000000012344858d:   48 8b 0b 30 c0 48 89 df ff 91 68 04 00 00 48 8b
0x000000012344859d:   03 48 89 df ff 50 78 48 85 c0 74 36 49 89 c6 48 

Register to memory mapping:

RAX=0x000000012347abc0: jScreenNotifySettingsChanged+0 in /Library/Java/JavaVirtualMachines/jdk1.8.0_45.jdk/Contents/Home/jre/lib/libglass.dylib at 0x0000000123433000
RBX=0x0000000000000000 is an unknown value
RCX=0x0000000000000103 is an unknown value
RDX=0x00007fabf337e290 is an unknown value
RSP=0x00007fff56128bc0 is an unknown value
RBP=0x00007fff56128bd0 is an unknown value
RSI=0x00007fabf0d13100 is a global jni handle
RDI=0x0000000000000000 is an unknown value
R8 =0x0000000000000040 is an unknown value
R9 =0x00007fff72f7b1e0: __sFX+0x1c0 in /usr/lib/system/libsystem_c.dylib at 0x00007fff8f326000
R10=0xffffffffffffffff is an unknown value
R11=0x0000000000000246 is an unknown value
R12=0x00007fabf338e1e0 is an unknown value
R13=0x00007fabf0e5ecd0 is an unknown value
R14=0x00007fabf0e5ed90 is an unknown value
R15=0x0000000000000000 is an unknown value


Stack: [0x00007fff5592c000,0x00007fff5612c000],  sp=0x00007fff56128bc0,  free space=8178k
Native frames: (J=compiled Java code, j=interpreted, Vv=VM code, C=native code)
C  [libglass.dylib+0x1558d]  GlassScreenDidChangeScreenParameters+0x9d
C  [CoreFoundation+0xa0c9c]  __CFNOTIFICATIONCENTER_IS_CALLING_OUT_TO_AN_OBSERVER__+0xc
C  [CoreFoundation+0xa0c2f]  ___CFXRegistrationPost_block_invoke+0x3f
C  [CoreFoundation+0xa0ba7]  _CFXRegistrationPost+0x197
C  [CoreFoundation+0xa0912]  ___CFXNotificationPost_block_invoke+0x32
C  [CoreFoundation+0x5d6d2]  -[_CFXNotificationRegistrar find:object:observer:enumerator:]+0x782
C  [CoreFoundation+0x5c925]  _CFXNotificationPost+0x2b5
C  [Foundation+0x70fa]  -[NSNotificationCenter postNotificationName:object:userInfo:]+0x42
C  [AppKit+0x41da66]  -[NSApplication _reactToScreenInvalidationImmediately:]+0x17f
C  [AppKit+0x41d8b7]  __44-[NSApplication _reactToScreenInvalidation:]_block_invoke+0x3b
C  [CoreFoundation+0xaa4dc]  __CFRUNLOOP_IS_CALLING_OUT_TO_A_BLOCK__+0xc
C  [CoreFoundation+0x89df5]  __CFRunLoopDoBlocks+0x155
C  [CoreFoundation+0x89b5b]  __CFRunLoopRun+0x92b
C  [CoreFoundation+0x88fc8]  CFRunLoopRunSpecific+0x128
C  [java+0x6490]  CreateExecutionEnvironment+0x367
C  [java+0x221c]  JLI_Launch+0x7a0
C  [java+0x84ed]  main+0x65
C  [java+0x1a74]  start+0x34


---------------  P R O C E S S  ---------------

VM state:at safepoint (normal execution)

VM Mutex/Monitor currently owned by a thread:  ([mutex/lock_event])
[0x00007fabf0f01400] Threads_lock - owner thread: 0x00007fabf1835000
[0x00007fabf0f01900] Heap_lock - owner thread: 0x00007fabf2b7e000

Heap:
 PSYoungGen      total 38400K, used 34270K [0x0000000795580000, 0x0000000798000000, 0x00000007c0000000)
  eden space 33280K, 88% used [0x0000000795580000,0x0000000797263b00,0x0000000797600000)
  from space 5120K, 91% used [0x0000000797600000,0x0000000797a94030,0x0000000797b00000)
  to   space 5120K, 0% used [0x0000000797b00000,0x0000000797b00000,0x0000000798000000)
 ParOldGen       total 87552K, used 80K [0x0000000740000000, 0x0000000745580000, 0x0000000795580000)
  object space 87552K, 0% used [0x0000000740000000,0x0000000740014010,0x0000000745580000)
 Metaspace       used 17166K, capacity 18034K, committed 18304K, reserved 1064960K
  class space    used 2455K, capacity 2647K, committed 2688K, reserved 1048576K

Card table byte_map: [0x000000011a929000,0x000000011ad2a000] byte_map_base: 0x0000000116f29000

Marking Bits: (ParMarkBitMap*) 0x000000010aec27a0
 Begin Bits: [0x000000011afd5000, 0x000000011cfd5000)
 End Bits:   [0x000000011cfd5000, 0x000000011efd5000)

Polling page: 0x0000000109d97000

CodeCache: size=245760Kb used=7507Kb max_used=7507Kb free=238252Kb
 bounds [0x000000010b569000, 0x000000010bcc9000, 0x000000011a569000]
 total_blobs=3146 nmethods=2516 adapters=543
 compilation: enabled

Compilation events (10 events):
Event: 758.129 Thread 0x00007fabf2033800 2510       3       java.lang.invoke.MethodHandleNatives::linkCallSite (65 bytes)
Event: 758.130 Thread 0x00007fabf2033800 nmethod 2510 0x000000010bcbd2d0 code [0x000000010bcbd480, 0x000000010bcbda68]
Event: 758.130 Thread 0x00007fabf2033800 2511       3       java.lang.invoke.MethodHandleNatives::linkCallSiteImpl (44 bytes)
Event: 758.130 Thread 0x00007fabf2033800 nmethod 2511 0x000000010bcbdc90 code [0x000000010bcbde60, 0x000000010bcbe5b8]
Event: 758.130 Thread 0x00007fabf2033800 2512       3       java.lang.invoke.LambdaForm$DMH/666988784::invokeStatic_L6_L (24 bytes)
Event: 758.130 Thread 0x00007fabf2033800 nmethod 2512 0x000000010bcbed50 code [0x000000010bcbeee0, 0x000000010bcbf498]
Event: 758.131 Thread 0x00007fabf2033800 2514       3       java.lang.invoke.LambdaForm$MH/531885035::invoke_MT (26 bytes)
Event: 758.131 Thread 0x00007fabf2033800 nmethod 2514 0x000000010bcbf610 code [0x000000010bcbf7e0, 0x000000010bcc0408]
Event: 758.131 Thread 0x00007fabf2033800 2515       3       java.lang.invoke.LambdaForm$BMH/245257410::reinvoke (83 bytes)
Event: 758.132 Thread 0x00007fabf2033800 nmethod 2515 0x000000010bcc0790 code [0x000000010bcc0980, 0x000000010bcc1768]

GC Heap History (2 events):
Event: 1.072 GC heap before
{Heap before GC invocations=1 (full 0):
 PSYoungGen      total 38400K, used 33280K [0x0000000795580000, 0x0000000798000000, 0x00000007c0000000)
  eden space 33280K, 100% used [0x0000000795580000,0x0000000797600000,0x0000000797600000)
  from space 5120K, 0% used [0x0000000797b00000,0x0000000797b00000,0x0000000798000000)
  to   space 5120K, 0% used [0x0000000797600000,0x0000000797600000,0x0000000797b00000)
 ParOldGen       total 87552K, used 0K [0x0000000740000000, 0x0000000745580000, 0x0000000795580000)
  object space 87552K, 0% used [0x0000000740000000,0x0000000740000000,0x0000000745580000)
 Metaspace       used 14492K, capacity 15042K, committed 15104K, reserved 1062912K
  class space    used 2096K, capacity 2259K, committed 2304K, reserved 1048576K
Event: 1.079 GC heap after
Heap after GC invocations=1 (full 0):
 PSYoungGen      total 38400K, used 4688K [0x0000000795580000, 0x0000000798000000, 0x00000007c0000000)
  eden space 33280K, 0% used [0x0000000795580000,0x0000000795580000,0x0000000797600000)
  from space 5120K, 91% used [0x0000000797600000,0x0000000797a94030,0x0000000797b00000)
  to   space 5120K, 0% used [0x0000000797b00000,0x0000000797b00000,0x0000000798000000)
 ParOldGen       total 87552K, used 80K [0x0000000740000000, 0x0000000745580000, 0x0000000795580000)
  object space 87552K, 0% used [0x0000000740000000,0x0000000740014010,0x0000000745580000)
 Metaspace       used 14492K, capacity 15042K, committed 15104K, reserved 1062912K
  class space    used 2096K, capacity 2259K, committed 2304K, reserved 1048576K
}

Deoptimization events (10 events):
Event: 1.107 Thread 0x00007fabf299f800 Uncommon trap: reason=array_check action=maybe_recompile pc=0x000000010b97a078 method=com.sun.javafx.css.SimpleSelector.applies(Ljavafx/css/Styleable;[Ljava/util/Set;I)Z @ 37
Event: 1.107 Thread 0x00007fabf299f800 Uncommon trap: reason=array_check action=maybe_recompile pc=0x000000010b97a078 method=com.sun.javafx.css.SimpleSelector.applies(Ljavafx/css/Styleable;[Ljava/util/Set;I)Z @ 37
Event: 1.382 Thread 0x00007fabf1905000 Uncommon trap: reason=unstable_if action=reinterpret pc=0x000000010b880568 method=sun.net.www.ParseUtil.encodePath(Ljava/lang/String;Z)Ljava/lang/String; @ 109
Event: 1.438 Thread 0x00007fabf1905000 Uncommon trap: reason=bimorphic action=maybe_recompile pc=0x000000010baa5db8 method=java.util.WeakHashMap.eq(Ljava/lang/Object;Ljava/lang/Object;)Z @ 7
Event: 1.438 Thread 0x00007fabf1905000 Uncommon trap: reason=bimorphic action=maybe_recompile pc=0x000000010baa5db8 method=java.util.WeakHashMap.eq(Ljava/lang/Object;Ljava/lang/Object;)Z @ 7
Event: 1.443 Thread 0x00007fabf1905000 Uncommon trap: reason=bimorphic action=maybe_recompile pc=0x000000010baa5db8 method=java.util.WeakHashMap.eq(Ljava/lang/Object;Ljava/lang/Object;)Z @ 7
Event: 1.443 Thread 0x00007fabf1905000 Uncommon trap: reason=bimorphic action=maybe_recompile pc=0x000000010baa5db8 method=java.util.WeakHashMap.eq(Ljava/lang/Object;Ljava/lang/Object;)Z @ 7
Event: 746.071 Thread 0x00007fabf110a000 Uncommon trap: reason=unstable_if action=reinterpret pc=0x000000010bb3cd40 method=com.sun.javafx.tk.quantum.QuantumToolkit.postPulse()V @ 17
Event: 746.074 Thread 0x00007fabf299f800 Uncommon trap: reason=unstable_if action=reinterpret pc=0x000000010b93d4f4 method=jdk.internal.org.objectweb.asm.Type.getArgumentsAndReturnSizes(Ljava/lang/String;)I @ 47
Event: 746.080 Thread 0x00007fabf299f800 Uncommon trap: reason=class_check action=maybe_recompile pc=0x000000010baaedcc method=javafx.scene.CssStyleHelper.lookup(Ljavafx/css/Styleable;Ljavafx/css/CssMetaData;Lcom/sun/javafx/css/StyleMap;Ljava/util/Set;Ljavafx/css/Styleable;Lcom/sun/javafx/css/Ca

Internal exceptions (10 events):
Event: 0.171 Thread 0x00007fabf1802000 Exception <a 'java/security/PrivilegedActionException'> (0x00000007959147d8) thrown at [/Users/java_re/workspace/8-2-build-macosx-x86_64/jdk8u45/3457/hotspot/src/share/vm/prims/jvm.cpp, line 1382]
Event: 0.171 Thread 0x00007fabf1802000 Exception <a 'java/lang/NullPointerException'> (0x0000000795914f70) thrown at [/Users/java_re/workspace/8-2-build-macosx-x86_64/jdk8u45/3457/hotspot/src/share/vm/interpreter/linkResolver.cpp, line 1178]
Event: 0.477 Thread 0x00007fabf299f800 Exception <a 'java/lang/NullPointerException'> (0x000000079636b930) thrown at [/Users/java_re/workspace/8-2-build-macosx-x86_64/jdk8u45/3457/hotspot/src/share/vm/interpreter/linkResolver.cpp, line 1178]
Event: 0.477 Thread 0x00007fabf299f800 Exception <a 'java/lang/NullPointerException'> (0x000000079636b930) thrown at [/Users/java_re/workspace/8-2-build-macosx-x86_64/jdk8u45/3457/hotspot/src/share/vm/prims/jvm.cpp, line 1386]
Event: 0.745 Thread 0x00007fabf299f800 Exception <a 'java/lang/ArrayIndexOutOfBoundsException': 58> (0x0000000796a103b0) thrown at [/Users/java_re/workspace/8-2-build-macosx-x86_64/jdk8u45/3457/hotspot/src/share/vm/interpreter/interpreterRuntime.cpp, line 366]
Event: 0.745 Thread 0x00007fabf299f800 Exception <a 'java/lang/ArrayIndexOutOfBoundsException': 18> (0x0000000796a10ff8) thrown at [/Users/java_re/workspace/8-2-build-macosx-x86_64/jdk8u45/3457/hotspot/src/share/vm/interpreter/interpreterRuntime.cpp, line 366]
Event: 0.745 Thread 0x00007fabf299f800 Exception <a 'java/lang/ArrayIndexOutOfBoundsException': 86> (0x0000000796a122f0) thrown at [/Users/java_re/workspace/8-2-build-macosx-x86_64/jdk8u45/3457/hotspot/src/share/vm/interpreter/interpreterRuntime.cpp, line 366]
Event: 0.786 Thread 0x00007fabf299f800 Exception <a 'java/lang/ArrayIndexOutOfBoundsException'> (0x0000000796b88a50) thrown at [/Users/java_re/workspace/8-2-build-macosx-x86_64/jdk8u45/3457/hotspot/src/share/vm/runtime/sharedRuntime.cpp, line 605]
Event: 0.839 Thread 0x00007fabf299f800 Implicit null exception at 0x000000010b7d5235 to 0x000000010b7d5431
Event: 0.902 Thread 0x00007fabf299f800 Exception <a 'java/io/FileNotFoundException'> (0x0000000796faede8) thrown at [/Users/java_re/workspace/8-2-build-macosx-x86_64/jdk8u45/3457/hotspot/src/share/vm/prims/jni.cpp, line 709]

Events (10 events):
Event: 758.132 Thread 0x00007fabf1802000 Thread exited: 0x00007fabf1802000
Event: 758.132 Thread 0x00007fabf2b7e000 Thread added: 0x00007fabf2b7e000
Event: 758.133 Thread 0x00007fabf299f800 Thread exited: 0x00007fabf299f800
Event: 758.133 loading class java/util/IdentityHashMap$KeySet
Event: 758.133 loading class java/util/IdentityHashMap$KeySet done
Event: 758.133 loading class java/util/IdentityHashMap$KeyIterator
Event: 758.133 loading class java/util/IdentityHashMap$IdentityHashMapIterator
Event: 758.133 loading class java/util/IdentityHashMap$IdentityHashMapIterator done
Event: 758.133 loading class java/util/IdentityHashMap$KeyIterator done
Event: 758.133 Thread 0x00007fabf2b7e000 Thread exited: 0x00007fabf2b7e000


Dynamic libraries:
0x0000000000289000 	/System/Library/Frameworks/Cocoa.framework/Versions/A/Cocoa
0x0000000000289000 	/System/Library/Frameworks/Security.framework/Versions/A/Security
0x0000000000289000 	/System/Library/Frameworks/ApplicationServices.framework/Versions/A/ApplicationServices
0x0000000000289000 	/usr/lib/libz.1.dylib
0x0000000000289000 	/usr/lib/libSystem.B.dylib
0x0000000000289000 	/usr/lib/libobjc.A.dylib
0x0000000000289000 	/System/Library/Frameworks/CoreFoundation.framework/Versions/A/CoreFoundation
0x0000000000289000 	/System/Library/Frameworks/Foundation.framework/Versions/C/Foundation
0x0000000000289000 	/System/Library/Frameworks/AppKit.framework/Versions/C/AppKit
0x0000000000289000 	/System/Library/Frameworks/CoreData.framework/Versions/A/CoreData
0x0000000000289000 	/System/Library/PrivateFrameworks/RemoteViewServices.framework/Versions/A/RemoteViewServices
0x0000000000289000 	/System/Library/PrivateFrameworks/UIFoundation.framework/Versions/A/UIFoundation
0x0000000000289000 	/usr/lib/libScreenReader.dylib
0x0000000000289000 	/System/Library/Frameworks/Accelerate.framework/Versions/A/Accelerate
0x0000000000289000 	/System/Library/Frameworks/IOSurface.framework/Versions/A/IOSurface
0x0000000000289000 	/System/Library/Frameworks/AudioToolbox.framework/Versions/A/AudioToolbox
0x0000000000289000 	/System/Library/Frameworks/AudioUnit.framework/Versions/A/AudioUnit
0x0000000000289000 	/System/Library/PrivateFrameworks/DataDetectorsCore.framework/Versions/A/DataDetectorsCore
0x0000000000289000 	/System/Library/PrivateFrameworks/DesktopServicesPriv.framework/Versions/A/DesktopServicesPriv
0x0000000000289000 	/System/Library/Frameworks/Carbon.framework/Versions/A/Frameworks/HIToolbox.framework/Versions/A/HIToolbox
0x0000000000289000 	/System/Library/Frameworks/QuartzCore.framework/Versions/A/QuartzCore
0x0000000000289000 	/System/Library/Frameworks/Carbon.framework/Versions/A/Frameworks/SpeechRecognition.framework/Versions/A/SpeechRecognition
0x0000000000289000 	/usr/lib/libauto.dylib
0x0000000000289000 	/usr/lib/libicucore.A.dylib
0x0000000000289000 	/usr/lib/libxml2.2.dylib
0x0000000000289000 	/System/Library/PrivateFrameworks/CoreUI.framework/Versions/A/CoreUI
0x0000000000289000 	/System/Library/Frameworks/CoreAudio.framework/Versions/A/CoreAudio
0x0000000000289000 	/System/Library/Frameworks/DiskArbitration.framework/Versions/A/DiskArbitration
0x0000000000289000 	/usr/lib/liblangid.dylib
0x0000000000289000 	/System/Library/PrivateFrameworks/MultitouchSupport.framework/Versions/A/MultitouchSupport
0x0000000000289000 	/System/Library/Frameworks/IOKit.framework/Versions/A/IOKit
0x0000000000289000 	/usr/lib/libDiagnosticMessagesClient.dylib
0x0000000000289000 	/System/Library/Frameworks/CoreServices.framework/Versions/A/CoreServices
0x0000000000289000 	/System/Library/PrivateFrameworks/PerformanceAnalysis.framework/Versions/A/PerformanceAnalysis
0x0000000000289000 	/System/Library/PrivateFrameworks/GenerationalStorage.framework/Versions/A/GenerationalStorage
0x0000000000289000 	/System/Library/Frameworks/OpenGL.framework/Versions/A/OpenGL
0x0000000000289000 	/System/Library/PrivateFrameworks/Sharing.framework/Versions/A/Sharing
0x0000000000289000 	/System/Library/Frameworks/CoreGraphics.framework/Versions/A/CoreGraphics
0x0000000000289000 	/System/Library/Frameworks/CoreImage.framework/Versions/A/CoreImage
0x0000000000289000 	/System/Library/Frameworks/CoreText.framework/Versions/A/CoreText
0x0000000000289000 	/System/Library/Frameworks/ImageIO.framework/Versions/A/ImageIO
0x0000000000289000 	/System/Library/PrivateFrameworks/Backup.framework/Versions/A/Backup
0x0000000000289000 	/usr/lib/libextension.dylib
0x0000000000289000 	/usr/lib/libarchive.2.dylib
0x0000000000289000 	/System/Library/Frameworks/CFNetwork.framework/Versions/A/CFNetwork
0x0000000000289000 	/System/Library/Frameworks/SystemConfiguration.framework/Versions/A/SystemConfiguration
0x0000000000289000 	/usr/lib/libCRFSuite.dylib
0x0000000000289000 	/usr/lib/libc++.1.dylib
0x0000000000289000 	/usr/lib/libc++abi.dylib
0x0000000000289000 	/usr/lib/system/libcache.dylib
0x0000000000289000 	/usr/lib/system/libcommonCrypto.dylib
0x0000000000289000 	/usr/lib/system/libcompiler_rt.dylib
0x0000000000289000 	/usr/lib/system/libcopyfile.dylib
0x0000000000289000 	/usr/lib/system/libcorecrypto.dylib
0x0000000000289000 	/usr/lib/system/libdispatch.dylib
0x0000000000289000 	/usr/lib/system/libdyld.dylib
0x0000000000289000 	/usr/lib/system/libkeymgr.dylib
0x0000000000289000 	/usr/lib/system/liblaunch.dylib
0x0000000000289000 	/usr/lib/system/libmacho.dylib
0x0000000000289000 	/usr/lib/system/libquarantine.dylib
0x0000000000289000 	/usr/lib/system/libremovefile.dylib
0x0000000000289000 	/usr/lib/system/libsystem_asl.dylib
0x0000000000289000 	/usr/lib/system/libsystem_blocks.dylib
0x0000000000289000 	/usr/lib/system/libsystem_c.dylib
0x0000000000289000 	/usr/lib/system/libsystem_configuration.dylib
0x0000000000289000 	/usr/lib/system/libsystem_coreservices.dylib
0x0000000000289000 	/usr/lib/system/libsystem_coretls.dylib
0x0000000000289000 	/usr/lib/system/libsystem_dnssd.dylib
0x0000000000289000 	/usr/lib/system/libsystem_info.dylib
0x0000000000289000 	/usr/lib/system/libsystem_kernel.dylib
0x0000000000289000 	/usr/lib/system/libsystem_m.dylib
0x0000000000289000 	/usr/lib/system/libsystem_malloc.dylib
0x0000000000289000 	/usr/lib/system/libsystem_network.dylib
0x0000000000289000 	/usr/lib/system/libsystem_networkextension.dylib
0x0000000000289000 	/usr/lib/system/libsystem_notify.dylib
0x0000000000289000 	/usr/lib/system/libsystem_platform.dylib
0x0000000000289000 	/usr/lib/system/libsystem_pthread.dylib
0x0000000000289000 	/usr/lib/system/libsystem_sandbox.dylib
0x0000000000289000 	/usr/lib/system/libsystem_secinit.dylib
0x0000000000289000 	/usr/lib/system/libsystem_trace.dylib
0x0000000000289000 	/usr/lib/system/libunc.dylib
0x0000000000289000 	/usr/lib/system/libunwind.dylib
0x0000000000289000 	/usr/lib/system/libxpc.dylib
0x0000000000289000 	/usr/lib/libenergytrace.dylib
0x0000000000289000 	/usr/lib/libbsm.0.dylib
0x0000000000289000 	/usr/lib/system/libkxld.dylib
0x0000000000289000 	/usr/lib/libxar.1.dylib
0x0000000000289000 	/usr/lib/libsqlite3.dylib
0x0000000000289000 	/usr/lib/libpam.2.dylib
0x0000000000289000 	/usr/lib/libOpenScriptingUtil.dylib
0x0000000000289000 	/usr/lib/libbz2.1.0.dylib
0x0000000000289000 	/usr/lib/liblzma.5.dylib
0x0000000000289000 	/System/Library/Frameworks/CoreServices.framework/Versions/A/Frameworks/FSEvents.framework/Versions/A/FSEvents
0x0000000000289000 	/System/Library/Frameworks/CoreServices.framework/Versions/A/Frameworks/CarbonCore.framework/Versions/A/CarbonCore
0x0000000000289000 	/System/Library/Frameworks/CoreServices.framework/Versions/A/Frameworks/Metadata.framework/Versions/A/Metadata
0x0000000000289000 	/System/Library/Frameworks/CoreServices.framework/Versions/A/Frameworks/OSServices.framework/Versions/A/OSServices
0x0000000000289000 	/System/Library/Frameworks/CoreServices.framework/Versions/A/Frameworks/SearchKit.framework/Versions/A/SearchKit
0x0000000000289000 	/System/Library/Frameworks/CoreServices.framework/Versions/A/Frameworks/AE.framework/Versions/A/AE
0x0000000000289000 	/System/Library/Frameworks/CoreServices.framework/Versions/A/Frameworks/LaunchServices.framework/Versions/A/LaunchServices
0x0000000000289000 	/System/Library/Frameworks/CoreServices.framework/Versions/A/Frameworks/DictionaryServices.framework/Versions/A/DictionaryServices
0x0000000000289000 	/System/Library/Frameworks/CoreServices.framework/Versions/A/Frameworks/SharedFileList.framework/Versions/A/SharedFileList
0x0000000000289000 	/System/Library/Frameworks/NetFS.framework/Versions/A/NetFS
0x0000000000289000 	/System/Library/PrivateFrameworks/NetAuth.framework/Versions/A/NetAuth
0x0000000000289000 	/System/Library/PrivateFrameworks/login.framework/Versions/A/Frameworks/loginsupport.framework/Versions/A/loginsupport
0x0000000000289000 	/System/Library/PrivateFrameworks/TCC.framework/Versions/A/TCC
0x0000000000289000 	/usr/lib/libmecabra.dylib
0x0000000000289000 	/System/Library/Frameworks/ApplicationServices.framework/Versions/A/Frameworks/ATS.framework/Versions/A/ATS
0x0000000000289000 	/System/Library/Frameworks/ApplicationServices.framework/Versions/A/Frameworks/ColorSync.framework/Versions/A/ColorSync
0x0000000000289000 	/System/Library/Frameworks/ApplicationServices.framework/Versions/A/Frameworks/HIServices.framework/Versions/A/HIServices
0x0000000000289000 	/System/Library/Frameworks/ApplicationServices.framework/Versions/A/Frameworks/LangAnalysis.framework/Versions/A/LangAnalysis
0x0000000000289000 	/System/Library/Frameworks/ApplicationServices.framework/Versions/A/Frameworks/PrintCore.framework/Versions/A/PrintCore
0x0000000000289000 	/System/Library/Frameworks/ApplicationServices.framework/Versions/A/Frameworks/QD.framework/Versions/A/QD
0x0000000000289000 	/System/Library/Frameworks/ApplicationServices.framework/Versions/A/Frameworks/SpeechSynthesis.framework/Versions/A/SpeechSynthesis
0x0000000000289000 	/System/Library/Frameworks/Metal.framework/Versions/A/Metal
0x0000000000289000 	/System/Library/Frameworks/Accelerate.framework/Versions/A/Frameworks/vImage.framework/Versions/A/vImage
0x0000000000289000 	/System/Library/Frameworks/Accelerate.framework/Versions/A/Frameworks/vecLib.framework/Versions/A/vecLib
0x0000000000289000 	/System/Library/Frameworks/Accelerate.framework/Versions/A/Frameworks/vecLib.framework/Versions/A/libvDSP.dylib
0x0000000000289000 	/System/Library/Frameworks/Accelerate.framework/Versions/A/Frameworks/vecLib.framework/Versions/A/libvMisc.dylib
0x0000000000289000 	/System/Library/Frameworks/Accelerate.framework/Versions/A/Frameworks/vecLib.framework/Versions/A/libLAPACK.dylib
0x0000000000289000 	/System/Library/Frameworks/Accelerate.framework/Versions/A/Frameworks/vecLib.framework/Versions/A/libBLAS.dylib
0x0000000000289000 	/System/Library/Frameworks/Accelerate.framework/Versions/A/Frameworks/vecLib.framework/Versions/A/libLinearAlgebra.dylib
0x0000000000289000 	/System/Library/Frameworks/Accelerate.framework/Versions/A/Frameworks/vecLib.framework/Versions/A/libSparseBLAS.dylib
0x0000000000289000 	/System/Library/PrivateFrameworks/GPUCompiler.framework/libmetal_timestamp.dylib
0x0000000000289000 	/System/Library/Frameworks/OpenGL.framework/Versions/A/Libraries/libCoreFSCache.dylib
0x0000000000289000 	/System/Library/PrivateFrameworks/IOAccelerator.framework/Versions/A/IOAccelerator
0x0000000000289000 	/System/Library/Frameworks/ApplicationServices.framework/Versions/A/Frameworks/ATS.framework/Versions/A/Resources/libFontParser.dylib
0x0000000000289000 	/System/Library/Frameworks/ApplicationServices.framework/Versions/A/Frameworks/ATS.framework/Versions/A/Resources/libFontRegistry.dylib
0x0000000000289000 	/System/Library/PrivateFrameworks/AppleVPA.framework/Versions/A/AppleVPA
0x0000000000289000 	/System/Library/PrivateFrameworks/AppleJPEG.framework/Versions/A/AppleJPEG
0x0000000000289000 	/System/Library/Frameworks/ImageIO.framework/Versions/A/Resources/libJPEG.dylib
0x0000000000289000 	/System/Library/Frameworks/ImageIO.framework/Versions/A/Resources/libTIFF.dylib
0x0000000000289000 	/System/Library/Frameworks/ImageIO.framework/Versions/A/Resources/libPng.dylib
0x0000000000289000 	/System/Library/Frameworks/ImageIO.framework/Versions/A/Resources/libGIF.dylib
0x0000000000289000 	/System/Library/Frameworks/ImageIO.framework/Versions/A/Resources/libJP2.dylib
0x0000000000289000 	/System/Library/Frameworks/ImageIO.framework/Versions/A/Resources/libRadiance.dylib
0x0000000000289000 	/System/Library/Frameworks/CoreVideo.framework/Versions/A/CoreVideo
0x0000000000289000 	/System/Library/Frameworks/OpenGL.framework/Versions/A/Libraries/libGLU.dylib
0x0000000000289000 	/System/Library/Frameworks/OpenGL.framework/Versions/A/Libraries/libGFXShared.dylib
0x0000000000289000 	/System/Library/Frameworks/OpenGL.framework/Versions/A/Libraries/libGL.dylib
0x0000000000289000 	/System/Library/Frameworks/OpenGL.framework/Versions/A/Libraries/libGLImage.dylib
0x0000000000289000 	/System/Library/Frameworks/OpenGL.framework/Versions/A/Libraries/libCVMSPluginSupport.dylib
0x0000000000289000 	/System/Library/Frameworks/OpenGL.framework/Versions/A/Libraries/libCoreVMClient.dylib
0x0000000000289000 	/usr/lib/libcups.2.dylib
0x0000000000289000 	/System/Library/Frameworks/Kerberos.framework/Versions/A/Kerberos
0x0000000000289000 	/System/Library/Frameworks/GSS.framework/Versions/A/GSS
0x0000000000289000 	/usr/lib/libresolv.9.dylib
0x0000000000289000 	/usr/lib/libiconv.2.dylib
0x0000000000289000 	/System/Library/PrivateFrameworks/Heimdal.framework/Versions/A/Heimdal
0x0000000000289000 	/usr/lib/libheimdal-asn1.dylib
0x0000000000289000 	/System/Library/Frameworks/OpenDirectory.framework/Versions/A/OpenDirectory
0x0000000000289000 	/System/Library/PrivateFrameworks/CommonAuth.framework/Versions/A/CommonAuth
0x0000000000289000 	/System/Library/Frameworks/OpenDirectory.framework/Versions/A/Frameworks/CFOpenDirectory.framework/Versions/A/CFOpenDirectory
0x0000000000289000 	/System/Library/Frameworks/SecurityFoundation.framework/Versions/A/SecurityFoundation
0x0000000000289000 	/System/Library/PrivateFrameworks/LanguageModeling.framework/Versions/A/LanguageModeling
0x0000000000289000 	/usr/lib/libmarisa.dylib
0x0000000000289000 	/usr/lib/libChineseTokenizer.dylib
0x0000000000289000 	/usr/lib/libcmph.dylib
0x0000000000289000 	/usr/lib/libcompression.dylib
0x0000000000289000 	/System/Library/Frameworks/ServiceManagement.framework/Versions/A/ServiceManagement
0x0000000000289000 	/usr/lib/libxslt.1.dylib
0x0000000000289000 	/System/Library/Frameworks/Carbon.framework/Versions/A/Frameworks/Ink.framework/Versions/A/Ink
0x0000000000289000 	/usr/lib/libFosl_dynamic.dylib
0x0000000000289000 	/System/Library/PrivateFrameworks/FaceCore.framework/Versions/A/FaceCore
0x0000000000289000 	/System/Library/Frameworks/OpenCL.framework/Versions/A/OpenCL
0x0000000000289000 	/System/Library/PrivateFrameworks/CrashReporterSupport.framework/Versions/A/CrashReporterSupport
0x0000000000289000 	/System/Library/PrivateFrameworks/IconServices.framework/Versions/A/IconServices
0x0000000000289000 	/System/Library/PrivateFrameworks/Apple80211.framework/Versions/A/Apple80211
0x0000000000289000 	/System/Library/Frameworks/CoreWLAN.framework/Versions/A/CoreWLAN
0x0000000000289000 	/System/Library/Frameworks/IOBluetooth.framework/Versions/A/IOBluetooth
0x0000000000289000 	/System/Library/PrivateFrameworks/CoreWiFi.framework/Versions/A/CoreWiFi
0x0000000000289000 	/System/Library/Frameworks/CoreBluetooth.framework/Versions/A/CoreBluetooth
0x0000000000289000 	/System/Library/PrivateFrameworks/ChunkingLibrary.framework/Versions/A/ChunkingLibrary
0x0000000000289000 	/System/Library/PrivateFrameworks/DebugSymbols.framework/Versions/A/DebugSymbols
0x0000000000289000 	/System/Library/PrivateFrameworks/CoreSymbolication.framework/Versions/A/CoreSymbolication
0x0000000000289000 	/System/Library/PrivateFrameworks/Symbolication.framework/Versions/A/Symbolication
0x0000000000289000 	/System/Library/PrivateFrameworks/SpeechRecognitionCore.framework/Versions/A/SpeechRecognitionCore
0x000000010a600000 	/Library/Java/JavaVirtualMachines/jdk1.8.0_45.jdk/Contents/Home/jre/lib/server/libjvm.dylib
0x0000000000289000 	/usr/lib/libstdc++.6.dylib
0x0000000109d54000 	/Library/Java/JavaVirtualMachines/jdk1.8.0_45.jdk/Contents/Home/jre/lib/libverify.dylib
0x0000000109d62000 	/Library/Java/JavaVirtualMachines/jdk1.8.0_45.jdk/Contents/Home/jre/lib/libjava.dylib
0x0000000109da1000 	/Library/Java/JavaVirtualMachines/jdk1.8.0_45.jdk/Contents/Home/jre/lib/libzip.dylib
0x0000000120e7b000 	/System/Library/Frameworks/JavaVM.framework/Frameworks/JavaRuntimeSupport.framework/JavaRuntimeSupport
0x0000000120e96000 	/System/Library/Frameworks/JavaVM.framework/Versions/A/Frameworks/JavaNativeFoundation.framework/Versions/A/JavaNativeFoundation
0x0000000120eab000 	/System/Library/Frameworks/JavaVM.framework/Versions/A/JavaVM
0x0000000000289000 	/System/Library/Frameworks/Carbon.framework/Versions/A/Carbon
0x0000000120eb8000 	/System/Library/PrivateFrameworks/JavaLaunching.framework/Versions/A/JavaLaunching
0x0000000000289000 	/System/Library/Frameworks/Carbon.framework/Versions/A/Frameworks/CommonPanels.framework/Versions/A/CommonPanels
0x0000000000289000 	/System/Library/Frameworks/Carbon.framework/Versions/A/Frameworks/Help.framework/Versions/A/Help
0x0000000000289000 	/System/Library/Frameworks/Carbon.framework/Versions/A/Frameworks/ImageCapture.framework/Versions/A/ImageCapture
0x0000000000289000 	/System/Library/Frameworks/Carbon.framework/Versions/A/Frameworks/OpenScripting.framework/Versions/A/OpenScripting
0x0000000000289000 	/System/Library/Frameworks/Carbon.framework/Versions/A/Frameworks/Print.framework/Versions/A/Print
0x0000000000289000 	/System/Library/Frameworks/Carbon.framework/Versions/A/Frameworks/SecurityHI.framework/Versions/A/SecurityHI
0x000000012286d000 	/Library/Java/JavaVirtualMachines/jdk1.8.0_45.jdk/Contents/Home/jre/lib/libprism_es2.dylib
0x0000000000289000 	/System/Library/Frameworks/OpenGL.framework/Versions/A/Resources/GLEngine.bundle/GLEngine
0x0000000000289000 	/System/Library/Frameworks/OpenGL.framework/Versions/A/Libraries/libGLProgrammability.dylib
0x00000001228ee000 	/System/Library/Extensions/AppleIntelBDWGraphicsGLDriver.bundle/Contents/MacOS/AppleIntelBDWGraphicsGLDriver
0x0000000000289000 	/System/Library/PrivateFrameworks/GPUSupport.framework/Versions/A/Libraries/libGPUSupportMercury.dylib
0x0000000000289000 	/System/Library/Frameworks/OpenGL.framework/Versions/A/Resources/GLRendererFloat.bundle/GLRendererFloat
0x0000000000289000 	/System/Library/Frameworks/OpenCL.framework/Versions/A/Libraries/libcldcpuengine.dylib
0x0000000000289000 	/System/Library/PrivateFrameworks/DiskImages.framework/Versions/A/DiskImages
0x0000000000289000 	/System/Library/Frameworks/DiscRecording.framework/Versions/A/DiscRecording
0x0000000000289000 	/usr/lib/libcsfde.dylib
0x0000000000289000 	/usr/lib/libcurl.4.dylib
0x0000000000289000 	/System/Library/PrivateFrameworks/MediaKit.framework/Versions/A/MediaKit
0x0000000000289000 	/System/Library/PrivateFrameworks/ProtectedCloudStorage.framework/Versions/A/ProtectedCloudStorage
0x0000000000289000 	/usr/lib/libCoreStorage.dylib
0x0000000000289000 	/System/Library/PrivateFrameworks/EFILogin.framework/Versions/A/EFILogin
0x0000000000289000 	/usr/lib/libutil.dylib
0x0000000000289000 	/System/Library/PrivateFrameworks/FindMyDevice.framework/Versions/A/FindMyDevice
0x0000000000289000 	/System/Library/Frameworks/LDAP.framework/Versions/A/LDAP
0x0000000000289000 	/usr/lib/libsasl2.2.dylib
0x0000000000289000 	/System/Library/PrivateFrameworks/CoreDaemon.framework/Versions/B/CoreDaemon
0x0000000000289000 	/usr/lib/libcrypto.0.9.8.dylib
0x0000000000289000 	/System/Library/PrivateFrameworks/AppleSRP.framework/Versions/A/AppleSRP
0x0000000000289000 	/System/Library/PrivateFrameworks/TrustEvaluationAgent.framework/Versions/A/TrustEvaluationAgent
0x0000000123433000 	/Library/Java/JavaVirtualMachines/jdk1.8.0_45.jdk/Contents/Home/jre/lib/libglass.dylib
0x0000000000289000 	/System/Library/PrivateFrameworks/CoreServicesInternal.framework/Versions/A/CoreServicesInternal
0x0000000000289000 	/System/Library/CoreServices/RawCamera.bundle/Contents/MacOS/RawCamera
0x0000000000289000 	/System/Library/Frameworks/CoreGraphics.framework/Versions/A/Resources/libRIP.A.dylib
0x0000000000289000 	/System/Library/Frameworks/Accelerate.framework/Versions/A/Frameworks/vImage.framework/Versions/A/Libraries/libCGInterfaces.dylib
0x0000000000289000 	/System/Library/PrivateFrameworks/FamilyControls.framework/Versions/A/FamilyControls
0x0000000000289000 	/System/Library/PrivateFrameworks/CommerceKit.framework/Versions/A/Frameworks/CommerceCore.framework/Versions/A/CommerceCore
0x0000000000289000 	/System/Library/PrivateFrameworks/SystemAdministration.framework/Versions/A/SystemAdministration
0x0000000000289000 	/System/Library/PrivateFrameworks/AppContainer.framework/Versions/A/AppContainer
0x0000000000289000 	/System/Library/PrivateFrameworks/SecCodeWrapper.framework/Versions/A/SecCodeWrapper
0x0000000000289000 	/System/Library/Frameworks/DirectoryService.framework/Versions/A/DirectoryService
0x0000000000289000 	/System/Library/PrivateFrameworks/LoginUIKit.framework/Versions/A/Frameworks/LoginUICore.framework/Versions/A/LoginUICore
0x0000000000289000 	/usr/lib/libodfde.dylib
0x0000000126042000 	/Library/Java/JavaVirtualMachines/jdk1.8.0_45.jdk/Contents/Home/jre/lib/libjavafx_font.dylib
0x0000000000289000 	/System/Library/Frameworks/CoreGraphics.framework/Versions/A/Resources/libCGXType.A.dylib
0x0000000127f76000 	cl_kernels
0x0000000000289000 	/System/Library/Frameworks/OpenCL.framework/Versions/A/Libraries/ImageFormats/unorm8_bgra.dylib
0x0000000000289000 	/System/Library/Frameworks/OpenCL.framework/Versions/A/Libraries/ImageFormats/unorm8_rgba.dylib
0x0000000128a5b000 	/Library/Java/JavaVirtualMachines/jdk1.8.0_45.jdk/Contents/Home/jre/lib/libprism_common.dylib
0x000000012960d000 	/System/Library/Extensions/AppleIntelBDWGraphicsMTLDriver.bundle/Contents/MacOS/AppleIntelBDWGraphicsMTLDriver

VM Arguments:
jvm_args: -Dfile.encoding=UTF-8 
java_command: application.Main
java_class_path (initial): /Users/olliekwizera/Desktop/All/Git /Personal-Inventory/bin:/Applications/Eclipse.app/Contents/Eclipse/plugins/org.eclipse.fx.ide.css.jfx8_2.1.0.201508240705.jar
Launcher Type: SUN_STANDARD

Environment Variables:
PATH=/usr/bin:/bin:/usr/sbin:/sbin
SHELL=/bin/bash

Signal Handlers:
SIGSEGV: [libjvm.dylib+0x58ef95], sa_mask[0]=11111111011111110111111111111111, sa_flags=SA_ONSTACK|SA_RESTART|SA_SIGINFO
SIGBUS: [libjvm.dylib+0x58ef95], sa_mask[0]=11111111011111110111111111111111, sa_flags=SA_RESTART|SA_SIGINFO
SIGFPE: [libjvm.dylib+0x46c108], sa_mask[0]=11111111011111110111111111111111, sa_flags=SA_RESTART|SA_SIGINFO
SIGPIPE: [libjvm.dylib+0x46c108], sa_mask[0]=11111111011111110111111111111111, sa_flags=SA_RESTART|SA_SIGINFO
SIGXFSZ: [libjvm.dylib+0x46c108], sa_mask[0]=11111111011111110111111111111111, sa_flags=SA_RESTART|SA_SIGINFO
SIGILL: [libjvm.dylib+0x46c108], sa_mask[0]=11111111011111110111111111111111, sa_flags=SA_RESTART|SA_SIGINFO
SIGUSR1: SIG_DFL, sa_mask[0]=00000000000000000000000000000000, sa_flags=none
SIGUSR2: [libjvm.dylib+0x46bc26], sa_mask[0]=00100000000000000000000000000000, sa_flags=SA_RESTART|SA_SIGINFO
SIGHUP: [libjvm.dylib+0x46a1f9], sa_mask[0]=11111111011111110111111111111111, sa_flags=SA_RESTART|SA_SIGINFO
SIGINT: [libjvm.dylib+0x46a1f9], sa_mask[0]=11111111011111110111111111111111, sa_flags=SA_RESTART|SA_SIGINFO
SIGTERM: [libjvm.dylib+0x46a1f9], sa_mask[0]=11111111011111110111111111111111, sa_flags=SA_RESTART|SA_SIGINFO
SIGQUIT: [libjvm.dylib+0x46a1f9], sa_mask[0]=11111111011111110111111111111111, sa_flags=SA_RESTART|SA_SIGINFO


---------------  S Y S T E M  ---------------

OS:Bsduname:Darwin 15.0.0 Darwin Kernel Version 15.0.0: Sat Sep 19 15:53:46 PDT 2015; root:xnu-3247.10.11~1/RELEASE_X86_64 x86_64
rlimit: STACK 8192k, CORE 0k, NPROC 709, NOFILE 10240, AS infinity
load average:2.27 1.87 1.63

CPU:total 4 (2 cores per cpu, 2 threads per core) family 6 model 61 stepping 4, cmov, cx8, fxsr, mmx, sse, sse2, sse3, ssse3, sse4.1, sse4.2, popcnt, avx, avx2, aes, clmul, erms, 3dnowpref, lzcnt, ht, tsc, tscinvbit, bmi1, bmi2, adx

Memory: 4k page, physical 8388608k(726664k free)

/proc/meminfo:


vm_info: Java HotSpot(TM) 64-Bit Server VM (25.45-b02) for bsd-amd64 JRE (1.8.0_45-b14), built on Apr 10 2015 10:46:38 by "java_re" with gcc 4.2.1 (Based on Apple Inc. build 5658) (LLVM build 2336.11.00)

time: Sun Nov  1 18:53:22 2015
elapsed time: 758 seconds (0d 0h 12m 38s)

